mode: set
github.com/summa-tx/bitcoin-spv/golang/btcspv/validate_spv.go:11.101,13.86 1 1
github.com/summa-tx/bitcoin-spv/golang/btcspv/validate_spv.go:17.2,22.42 5 1
github.com/summa-tx/bitcoin-spv/golang/btcspv/validate_spv.go:13.86,15.3 1 1
github.com/summa-tx/bitcoin-spv/golang/btcspv/validate_spv.go:26.71,33.2 6 1
github.com/summa-tx/bitcoin-spv/golang/btcspv/validate_spv.go:36.69,37.57 1 1
github.com/summa-tx/bitcoin-spv/golang/btcspv/validate_spv.go:40.2,40.64 1 1
github.com/summa-tx/bitcoin-spv/golang/btcspv/validate_spv.go:37.57,39.3 1 1
github.com/summa-tx/bitcoin-spv/golang/btcspv/validate_spv.go:44.84,49.2 2 1
github.com/summa-tx/bitcoin-spv/golang/btcspv/validate_spv.go:52.60,54.26 1 1
github.com/summa-tx/bitcoin-spv/golang/btcspv/validate_spv.go:58.2,61.39 3 1
github.com/summa-tx/bitcoin-spv/golang/btcspv/validate_spv.go:83.2,83.29 1 1
github.com/summa-tx/bitcoin-spv/golang/btcspv/validate_spv.go:54.26,56.3 1 1
github.com/summa-tx/bitcoin-spv/golang/btcspv/validate_spv.go:61.39,66.13 3 1
github.com/summa-tx/bitcoin-spv/golang/btcspv/validate_spv.go:73.3,77.42 3 1
github.com/summa-tx/bitcoin-spv/golang/btcspv/validate_spv.go:81.3,81.69 1 1
github.com/summa-tx/bitcoin-spv/golang/btcspv/validate_spv.go:66.13,67.47 1 1
github.com/summa-tx/bitcoin-spv/golang/btcspv/validate_spv.go:67.47,69.5 1 1
github.com/summa-tx/bitcoin-spv/golang/btcspv/validate_spv.go:77.42,79.4 1 1
github.com/summa-tx/bitcoin-spv/golang/btcspv/validate_spv.go:87.49,90.46 2 1
github.com/summa-tx/bitcoin-spv/golang/btcspv/validate_spv.go:95.2,96.45 2 1
github.com/summa-tx/bitcoin-spv/golang/btcspv/validate_spv.go:101.2,102.63 2 1
github.com/summa-tx/bitcoin-spv/golang/btcspv/validate_spv.go:107.2,108.57 2 1
github.com/summa-tx/bitcoin-spv/golang/btcspv/validate_spv.go:113.2,114.65 2 1
github.com/summa-tx/bitcoin-spv/golang/btcspv/validate_spv.go:119.2,120.53 2 1
github.com/summa-tx/bitcoin-spv/golang/btcspv/validate_spv.go:124.2,124.18 1 1
github.com/summa-tx/bitcoin-spv/golang/btcspv/validate_spv.go:90.46,92.3 1 1
github.com/summa-tx/bitcoin-spv/golang/btcspv/validate_spv.go:96.45,98.3 1 1
github.com/summa-tx/bitcoin-spv/golang/btcspv/validate_spv.go:102.63,104.3 1 1
github.com/summa-tx/bitcoin-spv/golang/btcspv/validate_spv.go:108.57,110.3 1 1
github.com/summa-tx/bitcoin-spv/golang/btcspv/validate_spv.go:114.65,116.3 1 1
github.com/summa-tx/bitcoin-spv/golang/btcspv/validate_spv.go:120.53,122.3 1 1
github.com/summa-tx/bitcoin-spv/golang/btcspv/validate_spv.go:128.44,133.15 4 1
github.com/summa-tx/bitcoin-spv/golang/btcspv/validate_spv.go:136.2,137.16 2 1
github.com/summa-tx/bitcoin-spv/golang/btcspv/validate_spv.go:142.2,143.40 2 1
github.com/summa-tx/bitcoin-spv/golang/btcspv/validate_spv.go:148.2,149.16 2 1
github.com/summa-tx/bitcoin-spv/golang/btcspv/validate_spv.go:154.2,155.17 2 1
github.com/summa-tx/bitcoin-spv/golang/btcspv/validate_spv.go:160.2,160.18 1 1
github.com/summa-tx/bitcoin-spv/golang/btcspv/validate_spv.go:133.15,135.3 1 1
github.com/summa-tx/bitcoin-spv/golang/btcspv/validate_spv.go:137.16,139.3 1 1
github.com/summa-tx/bitcoin-spv/golang/btcspv/validate_spv.go:143.40,145.3 1 1
github.com/summa-tx/bitcoin-spv/golang/btcspv/validate_spv.go:149.16,151.3 1 1
github.com/summa-tx/bitcoin-spv/golang/btcspv/validate_spv.go:155.17,157.3 1 1
github.com/summa-tx/bitcoin-spv/golang/btcspv/bitcoin_spv.go:15.33,19.36 3 1
github.com/summa-tx/bitcoin-spv/golang/btcspv/bitcoin_spv.go:23.2,23.14 1 1
github.com/summa-tx/bitcoin-spv/golang/btcspv/bitcoin_spv.go:19.36,21.3 1 1
github.com/summa-tx/bitcoin-spv/golang/btcspv/bitcoin_spv.go:27.40,30.2 2 1
github.com/summa-tx/bitcoin-spv/golang/btcspv/bitcoin_spv.go:33.50,34.14 1 1
github.com/summa-tx/bitcoin-spv/golang/btcspv/bitcoin_spv.go:35.12,36.11 1 1
github.com/summa-tx/bitcoin-spv/golang/btcspv/bitcoin_spv.go:37.12,38.11 1 1
github.com/summa-tx/bitcoin-spv/golang/btcspv/bitcoin_spv.go:39.12,40.11 1 1
github.com/summa-tx/bitcoin-spv/golang/btcspv/bitcoin_spv.go:41.10,42.11 1 1
github.com/summa-tx/bitcoin-spv/golang/btcspv/bitcoin_spv.go:47.52,49.21 2 1
github.com/summa-tx/bitcoin-spv/golang/btcspv/bitcoin_spv.go:52.2,52.35 1 1
github.com/summa-tx/bitcoin-spv/golang/btcspv/bitcoin_spv.go:56.2,58.40 2 1
github.com/summa-tx/bitcoin-spv/golang/btcspv/bitcoin_spv.go:49.21,51.3 1 1
github.com/summa-tx/bitcoin-spv/golang/btcspv/bitcoin_spv.go:52.35,54.3 1 1
github.com/summa-tx/bitcoin-spv/golang/btcspv/bitcoin_spv.go:63.41,67.39 3 1
github.com/summa-tx/bitcoin-spv/golang/btcspv/bitcoin_spv.go:72.2,72.12 1 1
github.com/summa-tx/bitcoin-spv/golang/btcspv/bitcoin_spv.go:67.39,70.3 2 1
github.com/summa-tx/bitcoin-spv/golang/btcspv/bitcoin_spv.go:76.62,79.2 2 1
github.com/summa-tx/bitcoin-spv/golang/btcspv/bitcoin_spv.go:82.43,86.2 3 1
github.com/summa-tx/bitcoin-spv/golang/btcspv/bitcoin_spv.go:89.39,99.2 7 1
github.com/summa-tx/bitcoin-spv/golang/btcspv/bitcoin_spv.go:102.39,106.2 3 1
github.com/summa-tx/bitcoin-spv/golang/btcspv/bitcoin_spv.go:113.66,115.16 2 1
github.com/summa-tx/bitcoin-spv/golang/btcspv/bitcoin_spv.go:118.2,118.27 1 1
github.com/summa-tx/bitcoin-spv/golang/btcspv/bitcoin_spv.go:122.2,126.35 4 1
github.com/summa-tx/bitcoin-spv/golang/btcspv/bitcoin_spv.go:140.2,142.16 3 1
github.com/summa-tx/bitcoin-spv/golang/btcspv/bitcoin_spv.go:145.2,145.37 1 1
github.com/summa-tx/bitcoin-spv/golang/btcspv/bitcoin_spv.go:149.2,150.20 2 1
github.com/summa-tx/bitcoin-spv/golang/btcspv/bitcoin_spv.go:115.16,117.3 1 1
github.com/summa-tx/bitcoin-spv/golang/btcspv/bitcoin_spv.go:118.27,120.3 1 1
github.com/summa-tx/bitcoin-spv/golang/btcspv/bitcoin_spv.go:126.35,130.17 3 1
github.com/summa-tx/bitcoin-spv/golang/btcspv/bitcoin_spv.go:134.3,135.17 2 1
github.com/summa-tx/bitcoin-spv/golang/btcspv/bitcoin_spv.go:130.17,132.4 1 1
github.com/summa-tx/bitcoin-spv/golang/btcspv/bitcoin_spv.go:135.17,137.4 1 1
github.com/summa-tx/bitcoin-spv/golang/btcspv/bitcoin_spv.go:142.16,144.3 1 1
github.com/summa-tx/bitcoin-spv/golang/btcspv/bitcoin_spv.go:145.37,147.3 1 1
github.com/summa-tx/bitcoin-spv/golang/btcspv/bitcoin_spv.go:154.39,156.2 1 1
github.com/summa-tx/bitcoin-spv/golang/btcspv/bitcoin_spv.go:159.64,160.21 1 1
github.com/summa-tx/bitcoin-spv/golang/btcspv/bitcoin_spv.go:164.2,164.32 1 1
github.com/summa-tx/bitcoin-spv/golang/btcspv/bitcoin_spv.go:160.21,162.3 1 1
github.com/summa-tx/bitcoin-spv/golang/btcspv/bitcoin_spv.go:168.57,170.16 2 1
github.com/summa-tx/bitcoin-spv/golang/btcspv/bitcoin_spv.go:174.2,174.47 1 1
github.com/summa-tx/bitcoin-spv/golang/btcspv/bitcoin_spv.go:170.16,172.3 1 1
github.com/summa-tx/bitcoin-spv/golang/btcspv/bitcoin_spv.go:179.60,181.16 2 1
github.com/summa-tx/bitcoin-spv/golang/btcspv/bitcoin_spv.go:185.2,186.38 2 1
github.com/summa-tx/bitcoin-spv/golang/btcspv/bitcoin_spv.go:181.16,183.3 1 1
github.com/summa-tx/bitcoin-spv/golang/btcspv/bitcoin_spv.go:190.58,192.16 2 1
github.com/summa-tx/bitcoin-spv/golang/btcspv/bitcoin_spv.go:195.2,195.50 1 1
github.com/summa-tx/bitcoin-spv/golang/btcspv/bitcoin_spv.go:192.16,194.3 1 1
github.com/summa-tx/bitcoin-spv/golang/btcspv/bitcoin_spv.go:199.53,201.16 2 1
github.com/summa-tx/bitcoin-spv/golang/btcspv/bitcoin_spv.go:204.2,205.35 2 1
github.com/summa-tx/bitcoin-spv/golang/btcspv/bitcoin_spv.go:201.16,203.3 1 1
github.com/summa-tx/bitcoin-spv/golang/btcspv/bitcoin_spv.go:209.52,211.2 1 1
github.com/summa-tx/bitcoin-spv/golang/btcspv/bitcoin_spv.go:214.50,216.2 1 1
github.com/summa-tx/bitcoin-spv/golang/btcspv/bitcoin_spv.go:220.43,222.2 1 1
github.com/summa-tx/bitcoin-spv/golang/btcspv/bitcoin_spv.go:225.53,228.2 2 1
github.com/summa-tx/bitcoin-spv/golang/btcspv/bitcoin_spv.go:232.44,234.2 1 1
github.com/summa-tx/bitcoin-spv/golang/btcspv/bitcoin_spv.go:237.40,239.2 1 1
github.com/summa-tx/bitcoin-spv/golang/btcspv/bitcoin_spv.go:246.59,247.21 1 1
github.com/summa-tx/bitcoin-spv/golang/btcspv/bitcoin_spv.go:251.2,252.16 2 1
github.com/summa-tx/bitcoin-spv/golang/btcspv/bitcoin_spv.go:256.2,256.55 1 1
github.com/summa-tx/bitcoin-spv/golang/btcspv/bitcoin_spv.go:247.21,249.3 1 1
github.com/summa-tx/bitcoin-spv/golang/btcspv/bitcoin_spv.go:252.16,254.3 1 1
github.com/summa-tx/bitcoin-spv/golang/btcspv/bitcoin_spv.go:260.68,262.16 2 1
github.com/summa-tx/bitcoin-spv/golang/btcspv/bitcoin_spv.go:265.2,265.28 1 1
github.com/summa-tx/bitcoin-spv/golang/btcspv/bitcoin_spv.go:269.2,273.35 4 1
github.com/summa-tx/bitcoin-spv/golang/btcspv/bitcoin_spv.go:286.2,288.16 3 1
github.com/summa-tx/bitcoin-spv/golang/btcspv/bitcoin_spv.go:291.2,291.38 1 1
github.com/summa-tx/bitcoin-spv/golang/btcspv/bitcoin_spv.go:295.2,296.20 2 1
github.com/summa-tx/bitcoin-spv/golang/btcspv/bitcoin_spv.go:262.16,264.3 1 1
github.com/summa-tx/bitcoin-spv/golang/btcspv/bitcoin_spv.go:265.28,267.3 1 1
github.com/summa-tx/bitcoin-spv/golang/btcspv/bitcoin_spv.go:273.35,276.17 3 1
github.com/summa-tx/bitcoin-spv/golang/btcspv/bitcoin_spv.go:280.3,281.17 2 1
github.com/summa-tx/bitcoin-spv/golang/btcspv/bitcoin_spv.go:276.17,278.4 1 1
github.com/summa-tx/bitcoin-spv/golang/btcspv/bitcoin_spv.go:281.17,283.4 1 1
github.com/summa-tx/bitcoin-spv/golang/btcspv/bitcoin_spv.go:288.16,290.3 1 1
github.com/summa-tx/bitcoin-spv/golang/btcspv/bitcoin_spv.go:291.38,293.3 1 1
github.com/summa-tx/bitcoin-spv/golang/btcspv/bitcoin_spv.go:300.49,302.2 1 1
github.com/summa-tx/bitcoin-spv/golang/btcspv/bitcoin_spv.go:306.43,308.2 1 1
github.com/summa-tx/bitcoin-spv/golang/btcspv/bitcoin_spv.go:311.39,313.2 1 1
github.com/summa-tx/bitcoin-spv/golang/btcspv/bitcoin_spv.go:317.57,318.23 1 1
github.com/summa-tx/bitcoin-spv/golang/btcspv/bitcoin_spv.go:322.2,323.34 2 1
github.com/summa-tx/bitcoin-spv/golang/btcspv/bitcoin_spv.go:327.2,327.40 1 1
github.com/summa-tx/bitcoin-spv/golang/btcspv/bitcoin_spv.go:318.23,320.3 1 1
github.com/summa-tx/bitcoin-spv/golang/btcspv/bitcoin_spv.go:323.34,325.3 1 1
github.com/summa-tx/bitcoin-spv/golang/btcspv/bitcoin_spv.go:332.49,336.20 2 1
github.com/summa-tx/bitcoin-spv/golang/btcspv/bitcoin_spv.go:345.2,345.48 1 1
github.com/summa-tx/bitcoin-spv/golang/btcspv/bitcoin_spv.go:354.2,354.48 1 1
github.com/summa-tx/bitcoin-spv/golang/btcspv/bitcoin_spv.go:361.2,361.74 1 1
github.com/summa-tx/bitcoin-spv/golang/btcspv/bitcoin_spv.go:336.20,338.33 2 1
github.com/summa-tx/bitcoin-spv/golang/btcspv/bitcoin_spv.go:341.3,341.37 1 1
github.com/summa-tx/bitcoin-spv/golang/btcspv/bitcoin_spv.go:338.33,340.4 1 1
github.com/summa-tx/bitcoin-spv/golang/btcspv/bitcoin_spv.go:345.48,347.70 2 1
github.com/summa-tx/bitcoin-spv/golang/btcspv/bitcoin_spv.go:350.3,350.28 1 1
github.com/summa-tx/bitcoin-spv/golang/btcspv/bitcoin_spv.go:347.70,349.4 1 1
github.com/summa-tx/bitcoin-spv/golang/btcspv/bitcoin_spv.go:354.48,355.36 1 1
github.com/summa-tx/bitcoin-spv/golang/btcspv/bitcoin_spv.go:358.3,358.28 1 1
github.com/summa-tx/bitcoin-spv/golang/btcspv/bitcoin_spv.go:355.36,357.4 1 1
github.com/summa-tx/bitcoin-spv/golang/btcspv/bitcoin_spv.go:369.35,373.29 3 1
github.com/summa-tx/bitcoin-spv/golang/btcspv/bitcoin_spv.go:377.2,379.36 2 1
github.com/summa-tx/bitcoin-spv/golang/btcspv/bitcoin_spv.go:391.2,391.28 1 1
github.com/summa-tx/bitcoin-spv/golang/btcspv/bitcoin_spv.go:373.29,375.3 1 1
github.com/summa-tx/bitcoin-spv/golang/btcspv/bitcoin_spv.go:379.36,380.26 1 1
github.com/summa-tx/bitcoin-spv/golang/btcspv/bitcoin_spv.go:384.3,385.17 2 1
github.com/summa-tx/bitcoin-spv/golang/btcspv/bitcoin_spv.go:388.3,388.19 1 1
github.com/summa-tx/bitcoin-spv/golang/btcspv/bitcoin_spv.go:380.26,382.4 1 1
github.com/summa-tx/bitcoin-spv/golang/btcspv/bitcoin_spv.go:385.17,387.4 1 1
github.com/summa-tx/bitcoin-spv/golang/btcspv/bitcoin_spv.go:395.37,399.32 3 1
github.com/summa-tx/bitcoin-spv/golang/btcspv/bitcoin_spv.go:403.2,405.37 2 1
github.com/summa-tx/bitcoin-spv/golang/btcspv/bitcoin_spv.go:416.2,416.29 1 1
github.com/summa-tx/bitcoin-spv/golang/btcspv/bitcoin_spv.go:399.32,401.3 1 1
github.com/summa-tx/bitcoin-spv/golang/btcspv/bitcoin_spv.go:405.37,407.17 2 1
github.com/summa-tx/bitcoin-spv/golang/btcspv/bitcoin_spv.go:410.3,411.26 2 1
github.com/summa-tx/bitcoin-spv/golang/btcspv/bitcoin_spv.go:407.17,409.4 1 1
github.com/summa-tx/bitcoin-spv/golang/btcspv/bitcoin_spv.go:411.26,413.4 1 1
github.com/summa-tx/bitcoin-spv/golang/btcspv/bitcoin_spv.go:425.58,428.2 2 1
github.com/summa-tx/bitcoin-spv/golang/btcspv/bitcoin_spv.go:431.47,447.2 8 1
github.com/summa-tx/bitcoin-spv/golang/btcspv/bitcoin_spv.go:452.52,455.2 2 1
github.com/summa-tx/bitcoin-spv/golang/btcspv/bitcoin_spv.go:459.61,462.2 2 1
github.com/summa-tx/bitcoin-spv/golang/btcspv/bitcoin_spv.go:467.50,469.2 1 1
github.com/summa-tx/bitcoin-spv/golang/btcspv/bitcoin_spv.go:473.46,475.2 1 1
github.com/summa-tx/bitcoin-spv/golang/btcspv/bitcoin_spv.go:478.51,480.2 1 1
github.com/summa-tx/bitcoin-spv/golang/btcspv/bitcoin_spv.go:483.58,488.2 4 1
github.com/summa-tx/bitcoin-spv/golang/btcspv/bitcoin_spv.go:492.57,497.25 4 1
github.com/summa-tx/bitcoin-spv/golang/btcspv/bitcoin_spv.go:501.2,501.23 1 1
github.com/summa-tx/bitcoin-spv/golang/btcspv/bitcoin_spv.go:505.2,505.23 1 1
github.com/summa-tx/bitcoin-spv/golang/btcspv/bitcoin_spv.go:509.2,516.32 5 1
github.com/summa-tx/bitcoin-spv/golang/btcspv/bitcoin_spv.go:526.2,526.38 1 1
github.com/summa-tx/bitcoin-spv/golang/btcspv/bitcoin_spv.go:497.25,499.3 1 1
github.com/summa-tx/bitcoin-spv/golang/btcspv/bitcoin_spv.go:501.23,503.3 1 1
github.com/summa-tx/bitcoin-spv/golang/btcspv/bitcoin_spv.go:505.23,507.3 1 1
github.com/summa-tx/bitcoin-spv/golang/btcspv/bitcoin_spv.go:516.32,518.17 2 1
github.com/summa-tx/bitcoin-spv/golang/btcspv/bitcoin_spv.go:523.3,523.12 1 1
github.com/summa-tx/bitcoin-spv/golang/btcspv/bitcoin_spv.go:518.17,520.4 1 1
github.com/summa-tx/bitcoin-spv/golang/btcspv/bitcoin_spv.go:520.9,522.4 1 1
github.com/summa-tx/bitcoin-spv/golang/btcspv/bitcoin_spv.go:533.33,544.32 7 1
github.com/summa-tx/bitcoin-spv/golang/btcspv/bitcoin_spv.go:547.2,547.32 1 1
github.com/summa-tx/bitcoin-spv/golang/btcspv/bitcoin_spv.go:551.2,551.60 1 1
github.com/summa-tx/bitcoin-spv/golang/btcspv/bitcoin_spv.go:544.32,546.3 1 1
github.com/summa-tx/bitcoin-spv/golang/btcspv/bitcoin_spv.go:547.32,549.3 1 1
github.com/summa-tx/bitcoin-spv/golang/btcspv/types.go:46.56,49.18 3 1
github.com/summa-tx/bitcoin-spv/golang/btcspv/types.go:52.2,52.15 1 1
github.com/summa-tx/bitcoin-spv/golang/btcspv/types.go:49.18,51.3 1 1
github.com/summa-tx/bitcoin-spv/golang/btcspv/types.go:56.56,59.18 3 1
github.com/summa-tx/bitcoin-spv/golang/btcspv/types.go:62.2,62.15 1 1
github.com/summa-tx/bitcoin-spv/golang/btcspv/types.go:59.18,61.3 1 1
github.com/summa-tx/bitcoin-spv/golang/btcspv/types.go:66.48,69.18 3 1
github.com/summa-tx/bitcoin-spv/golang/btcspv/types.go:72.2,72.15 1 1
github.com/summa-tx/bitcoin-spv/golang/btcspv/types.go:69.18,71.3 1 1
github.com/summa-tx/bitcoin-spv/golang/btcspv/types.go:76.64,94.2 7 1
github.com/summa-tx/bitcoin-spv/golang/btcspv/types.go:97.68,101.16 3 1
github.com/summa-tx/bitcoin-spv/golang/btcspv/types.go:105.2,106.18 2 1
github.com/summa-tx/bitcoin-spv/golang/btcspv/types.go:110.2,110.40 1 1
github.com/summa-tx/bitcoin-spv/golang/btcspv/types.go:101.16,103.3 1 1
github.com/summa-tx/bitcoin-spv/golang/btcspv/types.go:106.18,108.3 1 1
github.com/summa-tx/bitcoin-spv/golang/btcspv/types.go:114.50,117.16 2 1
github.com/summa-tx/bitcoin-spv/golang/btcspv/types.go:121.2,122.12 2 1
github.com/summa-tx/bitcoin-spv/golang/btcspv/types.go:117.16,119.3 1 1
github.com/summa-tx/bitcoin-spv/golang/btcspv/types.go:126.49,129.2 2 1
github.com/summa-tx/bitcoin-spv/golang/btcspv/types.go:132.55,135.16 2 1
github.com/summa-tx/bitcoin-spv/golang/btcspv/types.go:138.2,138.20 1 1
github.com/summa-tx/bitcoin-spv/golang/btcspv/types.go:142.2,144.12 2 1
github.com/summa-tx/bitcoin-spv/golang/btcspv/types.go:135.16,137.3 1 1
github.com/summa-tx/bitcoin-spv/golang/btcspv/types.go:138.20,140.3 1 1
github.com/summa-tx/bitcoin-spv/golang/btcspv/types.go:148.54,151.2 2 1
github.com/summa-tx/bitcoin-spv/golang/btcspv/types.go:154.51,157.16 2 1
github.com/summa-tx/bitcoin-spv/golang/btcspv/types.go:160.2,160.20 1 1
github.com/summa-tx/bitcoin-spv/golang/btcspv/types.go:164.2,166.12 2 1
github.com/summa-tx/bitcoin-spv/golang/btcspv/types.go:157.16,159.3 1 1
github.com/summa-tx/bitcoin-spv/golang/btcspv/types.go:160.20,162.3 1 1
github.com/summa-tx/bitcoin-spv/golang/btcspv/types.go:170.55,173.16 2 1
github.com/summa-tx/bitcoin-spv/golang/btcspv/types.go:176.2,176.20 1 1
github.com/summa-tx/bitcoin-spv/golang/btcspv/types.go:180.2,182.12 2 1
github.com/summa-tx/bitcoin-spv/golang/btcspv/types.go:173.16,175.3 1 1
github.com/summa-tx/bitcoin-spv/golang/btcspv/types.go:176.20,178.3 1 1
github.com/summa-tx/bitcoin-spv/golang/btcspv/types.go:186.54,189.2 2 1
github.com/summa-tx/bitcoin-spv/golang/btcspv/types.go:192.50,195.2 2 1
github.com/summa-tx/bitcoin-spv/golang/btcspv/utils.go:19.37,20.16 1 1
github.com/summa-tx/bitcoin-spv/golang/btcspv/utils.go:23.2,23.20 1 1
github.com/summa-tx/bitcoin-spv/golang/btcspv/utils.go:26.2,26.10 1 1
github.com/summa-tx/bitcoin-spv/golang/btcspv/utils.go:20.16,22.3 1 1
github.com/summa-tx/bitcoin-spv/golang/btcspv/utils.go:23.20,25.3 1 1
github.com/summa-tx/bitcoin-spv/golang/btcspv/utils.go:30.35,32.16 2 1
github.com/summa-tx/bitcoin-spv/golang/btcspv/utils.go:35.2,35.12 1 1
github.com/summa-tx/bitcoin-spv/golang/btcspv/utils.go:32.16,34.3 1 1
github.com/summa-tx/bitcoin-spv/golang/btcspv/utils.go:39.44,40.19 1 1
github.com/summa-tx/bitcoin-spv/golang/btcspv/utils.go:43.2,43.44 1 1
github.com/summa-tx/bitcoin-spv/golang/btcspv/utils.go:46.2,46.39 1 1
github.com/summa-tx/bitcoin-spv/golang/btcspv/utils.go:40.19,42.3 1 1
github.com/summa-tx/bitcoin-spv/golang/btcspv/utils.go:43.44,45.3 1 1
github.com/summa-tx/bitcoin-spv/golang/btcspv/utils.go:50.46,51.20 1 1
github.com/summa-tx/bitcoin-spv/golang/btcspv/utils.go:54.2,54.46 1 1
github.com/summa-tx/bitcoin-spv/golang/btcspv/utils.go:58.2,58.40 1 1
github.com/summa-tx/bitcoin-spv/golang/btcspv/utils.go:51.20,53.3 1 1
github.com/summa-tx/bitcoin-spv/golang/btcspv/utils.go:54.46,57.3 1 1
github.com/summa-tx/bitcoin-spv/golang/btcspv/utils.go:61.64,62.54 1 1
github.com/summa-tx/bitcoin-spv/golang/btcspv/utils.go:65.2,69.17 5 1
github.com/summa-tx/bitcoin-spv/golang/btcspv/utils.go:62.54,64.3 1 1
github.com/summa-tx/bitcoin-spv/golang/btcspv/utils.go:73.52,75.16 2 1
github.com/summa-tx/bitcoin-spv/golang/btcspv/utils.go:78.2,78.18 1 1
github.com/summa-tx/bitcoin-spv/golang/btcspv/utils.go:75.16,77.3 1 1
github.com/summa-tx/bitcoin-spv/golang/btcspv/utils.go:82.47,83.20 1 1
github.com/summa-tx/bitcoin-spv/golang/btcspv/utils.go:86.2,87.16 2 1
github.com/summa-tx/bitcoin-spv/golang/btcspv/utils.go:90.2,90.18 1 1
github.com/summa-tx/bitcoin-spv/golang/btcspv/utils.go:83.20,85.3 1 1
github.com/summa-tx/bitcoin-spv/golang/btcspv/utils.go:87.16,89.3 1 1
